Timing Analyzer report for 8432_to_3
Tue Oct 18 14:15:53 2022
Version 6.0 Build 202 06/20/2006 Service Pack 1 SJ Full Version


---------------------
; Table of Contents ;
---------------------
  1. Legal Notice
  2. Timing Analyzer Summary
  3. Timing Analyzer Settings
  4. tpd
  5. Timing Analyzer Messages



----------------
; Legal Notice ;
----------------
Copyright (C) 1991-2006 Altera Corporation
Your use of Altera Corporation's design tools, logic functions 
and other software and tools, and its AMPP partner logic 
functions, and any output files any of the foregoing 
(including device programming or simulation files), and any 
associated documentation or information are expressly subject 
to the terms and conditions of the Altera Program License 
Subscription Agreement, Altera MegaCore Function License 
Agreement, or other applicable license agreement, including, 
without limitation, that your use is for the sole purpose of 
programming logic devices manufactured by Altera and sold by 
Altera or its authorized distributors.  Please refer to the 
applicable agreement for further details.



+-----------------------------------------------------------------------------------------------------------------------+
; Timing Analyzer Summary                                                                                               ;
+------------------------------+-------+---------------+-------------+------+----+------------+----------+--------------+
; Type                         ; Slack ; Required Time ; Actual Time ; From ; To ; From Clock ; To Clock ; Failed Paths ;
+------------------------------+-------+---------------+-------------+------+----+------------+----------+--------------+
; Worst-case tpd               ; N/A   ; None          ; 11.400 ns   ; D    ; W  ; --         ; --       ; 0            ;
; Total number of failed paths ;       ;               ;             ;      ;    ;            ;          ; 0            ;
+------------------------------+-------+---------------+-------------+------+----+------------+----------+--------------+


+------------------------------------------------------------------------------------------------------+
; Timing Analyzer Settings                                                                             ;
+-------------------------------------------------------+--------------------+------+----+-------------+
; Option                                                ; Setting            ; From ; To ; Entity Name ;
+-------------------------------------------------------+--------------------+------+----+-------------+
; Device Name                                           ; EP1K10TC144-3      ;      ;    ;             ;
; Timing Models                                         ; Final              ;      ;    ;             ;
; Number of source nodes to report per destination node ; 10                 ;      ;    ;             ;
; Number of destination nodes to report                 ; 10                 ;      ;    ;             ;
; Number of paths to report                             ; 200                ;      ;    ;             ;
; Report Minimum Timing Checks                          ; Off                ;      ;    ;             ;
; Use Fast Timing Models                                ; Off                ;      ;    ;             ;
; Report IO Paths Separately                            ; Off                ;      ;    ;             ;
; Default hold multicycle                               ; Same As Multicycle ;      ;    ;             ;
; Cut paths between unrelated clock domains             ; On                 ;      ;    ;             ;
; Cut off read during write signal paths                ; On                 ;      ;    ;             ;
; Cut off feedback from I/O pins                        ; On                 ;      ;    ;             ;
; Report Combined Fast/Slow Timing                      ; Off                ;      ;    ;             ;
; Ignore Clock Settings                                 ; Off                ;      ;    ;             ;
; Analyze latches as synchronous elements               ; On                 ;      ;    ;             ;
; Enable Recovery/Removal analysis                      ; Off                ;      ;    ;             ;
; Enable Clock Latency                                  ; Off                ;      ;    ;             ;
; Use TimeQuest Timing Analyzer                         ; Off                ;      ;    ;             ;
+-------------------------------------------------------+--------------------+------+----+-------------+


+---------------------------------------------------------+
; tpd                                                     ;
+-------+-------------------+-----------------+------+----+
; Slack ; Required P2P Time ; Actual P2P Time ; From ; To ;
+-------+-------------------+-----------------+------+----+
; N/A   ; None              ; 11.400 ns       ; B    ; Z  ;
; N/A   ; None              ; 11.400 ns       ; D    ; W  ;
; N/A   ; None              ; 11.300 ns       ; C    ; Z  ;
; N/A   ; None              ; 11.300 ns       ; A    ; Z  ;
; N/A   ; None              ; 11.300 ns       ; B    ; W  ;
; N/A   ; None              ; 11.300 ns       ; C    ; W  ;
; N/A   ; None              ; 11.100 ns       ; D    ; Z  ;
; N/A   ; None              ; 11.100 ns       ; D    ; Y  ;
; N/A   ; None              ; 11.100 ns       ; D    ; X  ;
; N/A   ; None              ; 11.100 ns       ; A    ; W  ;
; N/A   ; None              ; 11.000 ns       ; B    ; Y  ;
; N/A   ; None              ; 11.000 ns       ; C    ; Y  ;
; N/A   ; None              ; 11.000 ns       ; C    ; X  ;
; N/A   ; None              ; 11.000 ns       ; A    ; X  ;
; N/A   ; None              ; 10.800 ns       ; A    ; Y  ;
; N/A   ; None              ; 10.800 ns       ; B    ; X  ;
+-------+-------------------+-----------------+------+----+


+--------------------------+
; Timing Analyzer Messages ;
+--------------------------+
Info: *******************************************************************
Info: Running Quartus II Timing Analyzer
    Info: Version 6.0 Build 202 06/20/2006 Service Pack 1 SJ Full Version
    Info: Processing started: Tue Oct 18 14:15:53 2022
Info: Command: quartus_tan --read_settings_files=off --write_settings_files=off 8432_to_3 -c 8432_to_3
Info: Started post-fitting delay annotation
Info: Delay annotation completed successfully
Info: Longest tpd from source pin "B" to destination pin "Z" is 11.400 ns
    Info: 1: + IC(0.000 ns) + CELL(2.000 ns) = 2.000 ns; Loc. = PIN_124; Fanout = 4; PIN Node = 'B'
    Info: 2: + IC(0.000 ns) + CELL(1.700 ns) = 3.700 ns; Loc. = LC5_A9; Fanout = 1; COMB Node = 'inst27~13'
    Info: 3: + IC(1.400 ns) + CELL(6.300 ns) = 11.400 ns; Loc. = PIN_98; Fanout = 0; PIN Node = 'Z'
    Info: Total cell delay = 10.000 ns ( 87.72 % )
    Info: Total interconnect delay = 1.400 ns ( 12.28 % )
Info: Quartus II Timing Analyzer was successful. 0 errors, 0 warnings
    Info: Processing ended: Tue Oct 18 14:15:53 2022
    Info: Elapsed time: 00:00:00


