Timing Analyzer report for 74LS151
Wed Oct 26 18:13:52 2022
Version 6.0 Build 202 06/20/2006 Service Pack 1 SJ Full Version


---------------------
; Table of Contents ;
---------------------
  1. Legal Notice
  2. Timing Analyzer Summary
  3. Timing Analyzer Settings
  4. tpd
  5. Timing Analyzer Messages



----------------
; Legal Notice ;
----------------
Copyright (C) 1991-2006 Altera Corporation
Your use of Altera Corporation's design tools, logic functions 
and other software and tools, and its AMPP partner logic 
functions, and any output files any of the foregoing 
(including device programming or simulation files), and any 
associated documentation or information are expressly subject 
to the terms and conditions of the Altera Program License 
Subscription Agreement, Altera MegaCore Function License 
Agreement, or other applicable license agreement, including, 
without limitation, that your use is for the sole purpose of 
programming logic devices manufactured by Altera and sold by 
Altera or its authorized distributors.  Please refer to the 
applicable agreement for further details.



+-----------------------------------------------------------------------------------------------------------------------+
; Timing Analyzer Summary                                                                                               ;
+------------------------------+-------+---------------+-------------+------+----+------------+----------+--------------+
; Type                         ; Slack ; Required Time ; Actual Time ; From ; To ; From Clock ; To Clock ; Failed Paths ;
+------------------------------+-------+---------------+-------------+------+----+------------+----------+--------------+
; Worst-case tpd               ; N/A   ; None          ; 14.000 ns   ; B    ; Y  ; --         ; --       ; 0            ;
; Total number of failed paths ;       ;               ;             ;      ;    ;            ;          ; 0            ;
+------------------------------+-------+---------------+-------------+------+----+------------+----------+--------------+


+------------------------------------------------------------------------------------------------------+
; Timing Analyzer Settings                                                                             ;
+-------------------------------------------------------+--------------------+------+----+-------------+
; Option                                                ; Setting            ; From ; To ; Entity Name ;
+-------------------------------------------------------+--------------------+------+----+-------------+
; Device Name                                           ; EP1K10TC144-3      ;      ;    ;             ;
; Timing Models                                         ; Final              ;      ;    ;             ;
; Number of source nodes to report per destination node ; 10                 ;      ;    ;             ;
; Number of destination nodes to report                 ; 10                 ;      ;    ;             ;
; Number of paths to report                             ; 200                ;      ;    ;             ;
; Report Minimum Timing Checks                          ; Off                ;      ;    ;             ;
; Use Fast Timing Models                                ; Off                ;      ;    ;             ;
; Report IO Paths Separately                            ; Off                ;      ;    ;             ;
; Default hold multicycle                               ; Same As Multicycle ;      ;    ;             ;
; Cut paths between unrelated clock domains             ; On                 ;      ;    ;             ;
; Cut off read during write signal paths                ; On                 ;      ;    ;             ;
; Cut off feedback from I/O pins                        ; On                 ;      ;    ;             ;
; Report Combined Fast/Slow Timing                      ; Off                ;      ;    ;             ;
; Ignore Clock Settings                                 ; Off                ;      ;    ;             ;
; Analyze latches as synchronous elements               ; On                 ;      ;    ;             ;
; Enable Recovery/Removal analysis                      ; Off                ;      ;    ;             ;
; Enable Clock Latency                                  ; Off                ;      ;    ;             ;
; Use TimeQuest Timing Analyzer                         ; Off                ;      ;    ;             ;
+-------------------------------------------------------+--------------------+------+----+-------------+


+---------------------------------------------------------+
; tpd                                                     ;
+-------+-------------------+-----------------+------+----+
; Slack ; Required P2P Time ; Actual P2P Time ; From ; To ;
+-------+-------------------+-----------------+------+----+
; N/A   ; None              ; 14.000 ns       ; B    ; Y  ;
; N/A   ; None              ; 13.800 ns       ; C    ; Y  ;
; N/A   ; None              ; 11.400 ns       ; A    ; Y  ;
+-------+-------------------+-----------------+------+----+


+--------------------------+
; Timing Analyzer Messages ;
+--------------------------+
Info: *******************************************************************
Info: Running Quartus II Timing Analyzer
    Info: Version 6.0 Build 202 06/20/2006 Service Pack 1 SJ Full Version
    Info: Processing started: Wed Oct 26 18:13:52 2022
Info: Command: quartus_tan --read_settings_files=off --write_settings_files=off 74LS151 -c 74LS151
Info: Started post-fitting delay annotation
Info: Delay annotation completed successfully
Info: Longest tpd from source pin "B" to destination pin "Y" is 14.000 ns
    Info: 1: + IC(0.000 ns) + CELL(2.000 ns) = 2.000 ns; Loc. = PIN_126; Fanout = 3; PIN Node = 'B'
    Info: 2: + IC(0.200 ns) + CELL(1.000 ns) = 3.200 ns; Loc. = LC7_A21; Fanout = 1; COMB Node = '74151:inst|f74151:sub|73~8'
    Info: 3: + IC(0.000 ns) + CELL(1.600 ns) = 4.800 ns; Loc. = LC8_A21; Fanout = 1; COMB Node = '74151:inst|f74151:sub|81~82'
    Info: 4: + IC(0.300 ns) + CELL(1.400 ns) = 6.500 ns; Loc. = LC5_A21; Fanout = 1; COMB Node = '74151:inst|f74151:sub|81~80'
    Info: 5: + IC(1.200 ns) + CELL(6.300 ns) = 14.000 ns; Loc. = PIN_11; Fanout = 0; PIN Node = 'Y'
    Info: Total cell delay = 12.300 ns ( 87.86 % )
    Info: Total interconnect delay = 1.700 ns ( 12.14 % )
Info: Quartus II Timing Analyzer was successful. 0 errors, 0 warnings
    Info: Processing ended: Wed Oct 26 18:13:52 2022
    Info: Elapsed time: 00:00:01


