Analysis & Synthesis report for 74LS151
Wed Oct 26 18:13:47 2022
Version 6.0 Build 202 06/20/2006 Service Pack 1 SJ Full Version


---------------------
; Table of Contents ;
---------------------
  1. Legal Notice
  2. Analysis & Synthesis Summary
  3. Analysis & Synthesis Settings
  4. Analysis & Synthesis Source Files Read
  5. Analysis & Synthesis Resource Usage Summary
  6. Analysis & Synthesis Resource Utilization by Entity
  7. General Register Statistics
  8. Parameter Settings for User Entity Instance: 74151:inst
  9. Analysis & Synthesis Messages



----------------
; Legal Notice ;
----------------
Copyright (C) 1991-2006 Altera Corporation
Your use of Altera Corporation's design tools, logic functions 
and other software and tools, and its AMPP partner logic 
functions, and any output files any of the foregoing 
(including device programming or simulation files), and any 
associated documentation or information are expressly subject 
to the terms and conditions of the Altera Program License 
Subscription Agreement, Altera MegaCore Function License 
Agreement, or other applicable license agreement, including, 
without limitation, that your use is for the sole purpose of 
programming logic devices manufactured by Altera and sold by 
Altera or its authorized distributors.  Please refer to the 
applicable agreement for further details.



+-----------------------------------------------------------------------------+
; Analysis & Synthesis Summary                                                ;
+-----------------------------+-----------------------------------------------+
; Analysis & Synthesis Status ; Successful - Wed Oct 26 18:13:47 2022         ;
; Quartus II Version          ; 6.0 Build 202 06/20/2006 SP 1 SJ Full Version ;
; Revision Name               ; 74LS151                                       ;
; Top-level Entity Name       ; 74LS151                                       ;
; Family                      ; ACEX1K                                        ;
; Total logic elements        ; 3                                             ;
; Total pins                  ; 4                                             ;
; Total memory bits           ; 0                                             ;
; Total PLLs                  ; 0                                             ;
+-----------------------------+-----------------------------------------------+


+--------------------------------------------------------------------------------------------+
; Analysis & Synthesis Settings                                                              ;
+------------------------------------------------------------+---------------+---------------+
; Option                                                     ; Setting       ; Default Value ;
+------------------------------------------------------------+---------------+---------------+
; Device                                                     ; EP1K10TC144-3 ;               ;
; Top-level entity name                                      ; 74LS151       ; 74LS151       ;
; Family name                                                ; ACEX1K        ; Stratix       ;
; Use smart compilation                                      ; Off           ; Off           ;
; Create Debugging Nodes for IP Cores                        ; Off           ; Off           ;
; Preserve fewer node names                                  ; On            ; On            ;
; Disable OpenCore Plus hardware evaluation                  ; Off           ; Off           ;
; Verilog Version                                            ; Verilog_2001  ; Verilog_2001  ;
; VHDL Version                                               ; VHDL93        ; VHDL93        ;
; State Machine Processing                                   ; Auto          ; Auto          ;
; Extract Verilog State Machines                             ; On            ; On            ;
; Extract VHDL State Machines                                ; On            ; On            ;
; Add Pass-Through Logic to Inferred RAMs                    ; On            ; On            ;
; NOT Gate Push-Back                                         ; On            ; On            ;
; Power-Up Don't Care                                        ; On            ; On            ;
; Remove Redundant Logic Cells                               ; Off           ; Off           ;
; Remove Duplicate Registers                                 ; On            ; On            ;
; Ignore CARRY Buffers                                       ; Off           ; Off           ;
; Ignore CASCADE Buffers                                     ; Off           ; Off           ;
; Ignore GLOBAL Buffers                                      ; Off           ; Off           ;
; Ignore ROW GLOBAL Buffers                                  ; Off           ; Off           ;
; Ignore LCELL Buffers                                       ; Off           ; Off           ;
; Ignore SOFT Buffers                                        ; On            ; On            ;
; Limit AHDL Integers to 32 Bits                             ; Off           ; Off           ;
; Auto Implement in ROM                                      ; Off           ; Off           ;
; Optimization Technique -- FLEX 10K/10KE/10KA/ACEX 1K       ; Area          ; Area          ;
; Carry Chain Length -- FLEX 10K                             ; 32            ; 32            ;
; Cascade Chain Length                                       ; 2             ; 2             ;
; Auto Carry Chains                                          ; On            ; On            ;
; Auto Open-Drain Pins                                       ; On            ; On            ;
; Remove Duplicate Logic                                     ; On            ; On            ;
; Auto ROM Replacement                                       ; On            ; On            ;
; Auto RAM Replacement                                       ; On            ; On            ;
; Auto Clock Enable Replacement                              ; On            ; On            ;
; Auto Resource Sharing                                      ; Off           ; Off           ;
; Allow Any RAM Size For Recognition                         ; Off           ; Off           ;
; Allow Any ROM Size For Recognition                         ; Off           ; Off           ;
; Ignore translate_off and translate_on Synthesis Directives ; Off           ; Off           ;
; Show Parameter Settings Tables in Synthesis Report         ; On            ; On            ;
; HDL message level                                          ; Level2        ; Level2        ;
+------------------------------------------------------------+---------------+---------------+


+----------------------------------------------------------------------------------------------------------------------------------------------------+
; Analysis & Synthesis Source Files Read                                                                                                             ;
+----------------------------------+-----------------+------------------------------------+----------------------------------------------------------+
; File Name with User-Entered Path ; Used in Netlist ; File Type                          ; File Name with Absolute Path                             ;
+----------------------------------+-----------------+------------------------------------+----------------------------------------------------------+
; 74LS151.bdf                      ; yes             ; User Block Diagram/Schematic File  ; D:/Projects/ex/ex4/74LS151/74LS151.bdf                   ;
; 74151.tdf                        ; yes             ; Megafunction                       ; c:/altera/quartus60/libraries/others/maxplus2/74151.tdf  ;
; aglobal.inc                      ; yes             ; Other                              ; c:/altera/quartus60/libraries/megafunctions/aglobal.inc  ;
; f74151.bdf                       ; yes             ; Megafunction                       ; c:/altera/quartus60/libraries/others/maxplus2/f74151.bdf ;
+----------------------------------+-----------------+------------------------------------+----------------------------------------------------------+


+---------------------------------------------+
; Analysis & Synthesis Resource Usage Summary ;
+---------------------------------+-----------+
; Resource                        ; Usage     ;
+---------------------------------+-----------+
; Total logic elements            ; 3         ;
; Total combinational functions   ; 3         ;
;     -- Total 4-input functions  ; 1         ;
;     -- Total 3-input functions  ; 0         ;
;     -- Total 2-input functions  ; 1         ;
;     -- Total 1-input functions  ; 1         ;
;     -- Total 0-input functions  ; 0         ;
; Combinational cells for routing ; 0         ;
; Total registers                 ; 0         ;
; I/O pins                        ; 4         ;
; Maximum fan-out node            ; B         ;
; Maximum fan-out                 ; 3         ;
; Total fan-out                   ; 9         ;
; Average fan-out                 ; 1.29      ;
+---------------------------------+-----------+


+----------------------------------------------------------------------------------------------------------------------------------------------------------------------------------------------------+
; Analysis & Synthesis Resource Utilization by Entity                                                                                                                                                ;
+----------------------------+-------------+--------------+-------------+------+--------------+-------------------+------------------+-----------------+------------+--------------------------------+
; Compilation Hierarchy Node ; Logic Cells ; LC Registers ; Memory Bits ; Pins ; LUT-Only LCs ; Register-Only LCs ; LUT/Register LCs ; Carry Chain LCs ; Packed LCs ; Full Hierarchy Name            ;
+----------------------------+-------------+--------------+-------------+------+--------------+-------------------+------------------+-----------------+------------+--------------------------------+
; |74LS151                   ; 3 (0)       ; 0            ; 0           ; 4    ; 3 (0)        ; 0 (0)             ; 0 (0)            ; 0 (0)           ; 0 (0)      ; |74LS151                       ;
;    |74151:inst|            ; 3 (0)       ; 0            ; 0           ; 0    ; 3 (0)        ; 0 (0)             ; 0 (0)            ; 0 (0)           ; 0 (0)      ; |74LS151|74151:inst            ;
;       |f74151:sub|         ; 3 (3)       ; 0            ; 0           ; 0    ; 3 (3)        ; 0 (0)             ; 0 (0)            ; 0 (0)           ; 0 (0)      ; |74LS151|74151:inst|f74151:sub ;
+----------------------------+-------------+--------------+-------------+------+--------------+-------------------+------------------+-----------------+------------+--------------------------------+
Note: For table entries with two numbers listed, the numbers in parentheses indicate the number of resources of the given type used by the specific entity alone. The numbers listed outside of parentheses indicate the total resources of the given type used by the specific entity and all of its sub-entities in the hierarchy.


+------------------------------------------------------+
; General Register Statistics                          ;
+----------------------------------------------+-------+
; Statistic                                    ; Value ;
+----------------------------------------------+-------+
; Total registers                              ; 0     ;
; Number of registers using Synchronous Clear  ; 0     ;
; Number of registers using Synchronous Load   ; 0     ;
; Number of registers using Asynchronous Clear ; 0     ;
; Number of registers using Asynchronous Load  ; 0     ;
; Number of registers using Clock Enable       ; 0     ;
; Number of registers using Preset             ; 0     ;
+----------------------------------------------+-------+


+---------------------------------------------------------+
; Parameter Settings for User Entity Instance: 74151:inst ;
+------------------------+--------+-----------------------+
; Parameter Name         ; Value  ; Type                  ;
+------------------------+--------+-----------------------+
; DEVICE_FAMILY          ; ACEX1K ; Untyped               ;
; AUTO_CARRY_CHAINS      ; ON     ; AUTO_CARRY            ;
; IGNORE_CARRY_BUFFERS   ; OFF    ; IGNORE_CARRY          ;
; AUTO_CASCADE_CHAINS    ; ON     ; AUTO_CASCADE          ;
; IGNORE_CASCADE_BUFFERS ; OFF    ; IGNORE_CASCADE        ;
+------------------------+--------+-----------------------+
Note: In order to hide this table in the UI and the text report file, please set the "Show Parameter Settings Tables in Synthesis Report" option in "Analysis and Synthesis Settings -> More Settings" to "Off".


+-------------------------------+
; Analysis & Synthesis Messages ;
+-------------------------------+
Info: *******************************************************************
Info: Running Quartus II Analysis & Synthesis
    Info: Version 6.0 Build 202 06/20/2006 Service Pack 1 SJ Full Version
    Info: Processing started: Wed Oct 26 18:13:47 2022
Info: Command: quartus_map --read_settings_files=on --write_settings_files=off 74LS151 -c 74LS151
Info: Found 1 design units, including 1 entities, in source file 74LS151.bdf
    Info: Found entity 1: 74LS151
Info: Elaborating entity "74LS151" for the top level hierarchy
Warning: Port "GN" of type 74151 and instance "inst" is missing source signal
Info: Found 1 design units, including 1 entities, in source file c:/altera/quartus60/libraries/others/maxplus2/74151.tdf
    Info: Found entity 1: 74151
Info: Elaborating entity "74151" for hierarchy "74151:inst"
Info: Elaborated megafunction instantiation "74151:inst"
Info: Found 1 design units, including 1 entities, in source file c:/altera/quartus60/libraries/others/maxplus2/f74151.bdf
    Info: Found entity 1: f74151
Info: Elaborating entity "f74151" for hierarchy "74151:inst|f74151:sub"
Info: Elaborated megafunction instantiation "74151:inst|f74151:sub", which is child of megafunction instantiation "74151:inst"
Warning: CASCADE primitive "74151:inst|f74151:sub|76" is fed by non-combinational logic
Warning: Can't implement CASCADE primitive "74151:inst|f74151:sub|76" -- polarity of CASCADE primitives and other primitives in cascade chain are inconsistent
Info: Implemented 7 device resources after synthesis - the final resource count might be different
    Info: Implemented 3 input pins
    Info: Implemented 1 output pins
    Info: Implemented 3 logic cells
Info: Quartus II Analysis & Synthesis was successful. 0 errors, 3 warnings
    Info: Processing ended: Wed Oct 26 18:13:47 2022
    Info: Elapsed time: 00:00:00


